<?xml version="1.0" encoding="UTF-8"?>
<testng-results ignored="0" total="1" passed="1" failed="0" skipped="0">
  <reporter-output>
  </reporter-output>
  <suite started-at="2024-03-18T07:30:11 GMT" name="Default suite" finished-at="2024-03-18T07:30:29 GMT" duration-ms="18277">
    <groups>
      <group name="cucumber">
        <method signature="AbstractTestNGCucumberTests.runScenario(io.cucumber.testng.PickleWrapper,io.cucumber.testng.FeatureWrapper)[pri:0, instance:tests.Runner2@35841320]" name="runScenario" class="io.cucumber.testng.AbstractTestNGCucumberTests"/>
      </group> <!-- cucumber -->
    </groups>
    <test started-at="2024-03-18T07:30:11 GMT" name="Default test" finished-at="2024-03-18T07:30:29 GMT" duration-ms="18277">
      <class name="tests.Runner2">
        <test-method is-config="true" signature="setUpClass(org.testng.ITestContext)[pri:0, instance:tests.Runner2@35841320]" started-at="2024-03-18T07:30:11 GMT" name="setUpClass" finished-at="2024-03-18T07:30:12 GMT" duration-ms="888" status="PASS">
          <params>
            <param index="0">
              <value>
                <![CDATA[org.testng.TestRunner@3520958b]]>
              </value>
            </param>
          </params>
          <reporter-output>
          </reporter-output>
        </test-method> <!-- setUpClass -->
        <test-method signature="runScenario(io.cucumber.testng.PickleWrapper,io.cucumber.testng.FeatureWrapper)[pri:0, instance:tests.Runner2@35841320]" started-at="2024-03-18T07:30:12 GMT" name="runScenario" description="Runs Cucumber Scenarios" data-provider="scenarios" finished-at="2024-03-18T07:30:29 GMT" duration-ms="16980" status="PASS">
          <params>
            <param index="0">
              <value>
                <![CDATA["Search for "automation tester" jobs"]]>
              </value>
            </param>
            <param index="1">
              <value>
                <![CDATA["Searching for jobs on LexisNexis website"]]>
              </value>
            </param>
          </params>
          <reporter-output>
          </reporter-output>
        </test-method> <!-- runScenario -->
        <test-method is-config="true" signature="tearDownClass()[pri:0, instance:tests.Runner2@35841320]" started-at="2024-03-18T07:30:29 GMT" name="tearDownClass" finished-at="2024-03-18T07:30:29 GMT" duration-ms="371" status="PASS">
          <reporter-output>
          </reporter-output>
        </test-method> <!-- tearDownClass -->
      </class> <!-- tests.Runner2 -->
    </test> <!-- Default test -->
  </suite> <!-- Default suite -->
</testng-results>
